<?xml version="1.0" encoding="UTF-8" ?>
<testsuite tests="16" failures="0" name="hr.fer.zemris.linearna.AbstractMatrixTest" time="0.423" errors="0" skipped="0">
  <properties>
    <property name="java.runtime.name" value="Java(TM) SE Runtime Environment"/>
    <property name="sun.boot.library.path" value="C:\Program Files\Java\jdk1.8.0_40\jre\bin"/>
    <property name="java.vm.version" value="25.40-b25"/>
    <property name="user.country.format" value="HR"/>
    <property name="java.vm.vendor" value="Oracle Corporation"/>
    <property name="maven.multiModuleProjectDirectory" value="U:\JavaProjects\linalg-impl"/>
    <property name="java.vendor.url" value="http://java.oracle.com/"/>
    <property name="path.separator" value=";"/>
    <property name="guice.disable.misplaced.annotation.check" value="true"/>
    <property name="java.vm.name" value="Java HotSpot(TM) 64-Bit Server VM"/>
    <property name="file.encoding.pkg" value="sun.io"/>
    <property name="user.script" value=""/>
    <property name="user.country" value="US"/>
    <property name="sun.java.launcher" value="SUN_STANDARD"/>
    <property name="sun.os.patch.level" value="Service Pack 1"/>
    <property name="java.vm.specification.name" value="Java Virtual Machine Specification"/>
    <property name="user.dir" value="U:\JavaProjects\linalg-impl"/>
    <property name="java.runtime.version" value="1.8.0_40-b26"/>
    <property name="java.awt.graphicsenv" value="sun.awt.Win32GraphicsEnvironment"/>
    <property name="java.endorsed.dirs" value="C:\Program Files\Java\jdk1.8.0_40\jre\lib\endorsed"/>
    <property name="os.arch" value="amd64"/>
    <property name="java.io.tmpdir" value="C:\Users\Borna\AppData\Local\Temp\"/>
    <property name="line.separator" value="
"/>
    <property name="java.vm.specification.vendor" value="Oracle Corporation"/>
    <property name="user.variant" value=""/>
    <property name="os.name" value="Windows 7"/>
    <property name="net.sourceforge.cobertura.datafile" value="U:\JavaProjects\linalg-impl\target\cobertura\cobertura.ser"/>
    <property name="classworlds.conf" value="U:\usr\apache-maven-3.3.1\bin\m2.conf"/>
    <property name="sun.jnu.encoding" value="Cp1250"/>
    <property name="java.library.path" value="C:\Program Files\Java\jdk1.8.0_40\bin;C:\Windows\Sun\Java\bin;C:\Windows\system32;C:\Windows;C:\ProgramData\Oracle\Java\javapath;C:\Program Files (x86)\PC Connectivity Solution\;C:\Program Files\Common Files\Microsoft Shared\Windows Live;C:\Program Files (x86)\Common Files\Microsoft Shared\Windows Live;C:\Windows\system32;C:\Windows;C:\Windows\System32\Wbem;C:\Windows\System32\WindowsPowerShell\v1.0\;C:\Program Files (x86)\Windows Kits\8.1\Windows Performance Toolkit\;C:\Program Files\Microsoft SQL Server\110\Tools\Binn\;C:\MinGW\bin\ ;C:\Program Files (x86)\Windows Live\Shared;C:\Program Files\Java\jdk1.8.0_40\bin\;C:\Program Files\Java\jdk1.8.0_40\bin\;C:\Program Files\Java\jdk1.8.0_40\jre\bin\;C:\Program Files\MATLAB\R2011a\runtime\win64;C:\Program Files\MATLAB\R2011a\bin;U:\usr\apache-ant-1.9.4\bin;U:\usr\apache-maven-3.3.1\bin;."/>
    <property name="java.specification.name" value="Java Platform API Specification"/>
    <property name="java.class.version" value="52.0"/>
    <property name="sun.management.compiler" value="HotSpot 64-Bit Tiered Compilers"/>
    <property name="os.version" value="6.1"/>
    <property name="user.home" value="C:\Users\Borna"/>
    <property name="user.timezone" value="Europe/Belgrade"/>
    <property name="java.awt.printerjob" value="sun.awt.windows.WPrinterJob"/>
    <property name="java.specification.version" value="1.8"/>
    <property name="file.encoding" value="Cp1250"/>
    <property name="user.name" value="Borna"/>
    <property name="java.class.path" value="U:\usr\apache-maven-3.3.1\boot\plexus-classworlds-2.5.2.jar"/>
    <property name="java.vm.specification.version" value="1.8"/>
    <property name="sun.arch.data.model" value="64"/>
    <property name="java.home" value="C:\Program Files\Java\jdk1.8.0_40\jre"/>
    <property name="sun.java.command" value="org.codehaus.plexus.classworlds.launcher.Launcher site"/>
    <property name="java.specification.vendor" value="Oracle Corporation"/>
    <property name="user.language" value="en"/>
    <property name="user.language.format" value="hr"/>
    <property name="awt.toolkit" value="sun.awt.windows.WToolkit"/>
    <property name="java.vm.info" value="mixed mode"/>
    <property name="java.version" value="1.8.0_40"/>
    <property name="java.ext.dirs" value="C:\Program Files\Java\jdk1.8.0_40\jre\lib\ext;C:\Windows\Sun\Java\lib\ext"/>
    <property name="sun.boot.class.path" value="C:\Program Files\Java\jdk1.8.0_40\jre\lib\resources.jar;C:\Program Files\Java\jdk1.8.0_40\jre\lib\rt.jar;C:\Program Files\Java\jdk1.8.0_40\jre\lib\sunrsasign.jar;C:\Program Files\Java\jdk1.8.0_40\jre\lib\jsse.jar;C:\Program Files\Java\jdk1.8.0_40\jre\lib\jce.jar;C:\Program Files\Java\jdk1.8.0_40\jre\lib\charsets.jar;C:\Program Files\Java\jdk1.8.0_40\jre\lib\jfr.jar;C:\Program Files\Java\jdk1.8.0_40\jre\classes"/>
    <property name="sun.stderr.encoding" value="cp852"/>
    <property name="java.vendor" value="Oracle Corporation"/>
    <property name="maven.home" value="U:\usr\apache-maven-3.3.1"/>
    <property name="file.separator" value="\"/>
    <property name="java.vendor.url.bug" value="http://bugreport.sun.com/bugreport/"/>
    <property name="sun.cpu.endian" value="little"/>
    <property name="sun.io.unicode.encoding" value="UnicodeLittle"/>
    <property name="project.build.outputDirectory" value="U:\JavaProjects\linalg-impl\target\generated-classes\cobertura"/>
    <property name="sun.stdout.encoding" value="cp852"/>
    <property name="sun.desktop" value="windows"/>
    <property name="sun.cpu.isalist" value="amd64"/>
  </properties>
  <testcase classname="hr.fer.zemris.linearna.AbstractMatrixTest" name="nScalarMultiply_True_OriginalUnchanged" time="0.384"/>
  <testcase classname="hr.fer.zemris.linearna.AbstractMatrixTest" name="nInvert_True_Inverz" time="0.009"/>
  <testcase classname="hr.fer.zemris.linearna.AbstractMatrixTest" name="nAddTest_True_OriginalMatrixUnchanged" time="0"/>
  <testcase classname="hr.fer.zemris.linearna.AbstractMatrixTest" name="nInvertTest_IncompatibleOperandException_NotSquaredMatrix" time="0"/>
  <testcase classname="hr.fer.zemris.linearna.AbstractMatrixTest" name="toVectorTest_True_EqualVector" time="0.022"/>
  <testcase classname="hr.fer.zemris.linearna.AbstractMatrixTest" name="addTest_True_AddMatrx" time="0"/>
  <testcase classname="hr.fer.zemris.linearna.AbstractMatrixTest" name="nMultiply_True_Multiply" time="0.002"/>
  <testcase classname="hr.fer.zemris.linearna.AbstractMatrixTest" name="identityTest_IncompatibleOperandException_NotSquaredMatrix" time="0"/>
  <testcase classname="hr.fer.zemris.linearna.AbstractMatrixTest" name="nSubTest_True_OriginalMatrixUnchanged" time="0"/>
  <testcase classname="hr.fer.zemris.linearna.AbstractMatrixTest" name="toArray_True_EqualArrays" time="0.006"/>
  <testcase classname="hr.fer.zemris.linearna.AbstractMatrixTest" name="scalarMultiply_True_Multiply" time="0"/>
  <testcase classname="hr.fer.zemris.linearna.AbstractMatrixTest" name="determinantTest_IncompatibleOperandException_NotSquaredMatrix" time="0"/>
  <testcase classname="hr.fer.zemris.linearna.AbstractMatrixTest" name="determinantTest_True_Calculate" time="0"/>
  <testcase classname="hr.fer.zemris.linearna.AbstractMatrixTest" name="subTest_True_SubMatrix" time="0"/>
  <testcase classname="hr.fer.zemris.linearna.AbstractMatrixTest" name="makeIdentity_True_Identity" time="0"/>
  <testcase classname="hr.fer.zemris.linearna.AbstractMatrixTest" name="nMultiply_IncompatibleOperandException_NotSameRowsAndColsLength" time="0"/>
</testsuite>